TN:
SF:/home/bread/workspace_py/caravel/caravel/assets/javascripts/caravel-select2.js
FNF:0
FNH:0
DA:1,0
DA:2,0
DA:3,0
DA:4,0
DA:5,0
LF:5
LH:0
BRF:0
BRH:0
end_of_record
TN:
SF:/home/bread/workspace_py/caravel/caravel/assets/javascripts/common.js
FN:3,(anonymous_0)
FN:4,(anonymous_1)
FNF:2
FNH:0
FNDA:0,(anonymous_0)
FNDA:0,(anonymous_1)
DA:1,0
DA:2,0
DA:3,0
DA:4,0
DA:5,0
DA:6,0
DA:7,0
DA:8,0
LF:8
LH:0
BRF:0
BRH:0
end_of_record
TN:
SF:/home/bread/workspace_py/caravel/caravel/assets/javascripts/css-theme.js
FNF:0
FNH:0
DA:1,0
DA:2,0
LF:2
LH:0
BRF:0
BRH:0
end_of_record
TN:
SF:/home/bread/workspace_py/caravel/caravel/assets/javascripts/index.jsx
FN:5,App
FNF:1
FNH:0
FNDA:0,App
DA:1,0
DA:2,0
DA:3,0
DA:6,0
DA:14,0
LF:5
LH:0
BRF:0
BRH:0
end_of_record
TN:
SF:/home/bread/workspace_py/caravel/caravel/assets/javascripts/reduxUtils.js
FN:5,addToObject
FN:16,alterInObject
FN:22,alterInArr
FN:27,(anonymous_6)
FN:37,removeFromArr
FN:39,(anonymous_8)
FN:47,getFromArr
FN:49,(anonymous_10)
FN:57,addToArr
FN:67,enhancer
FNF:10
FNH:0
FNDA:0,addToObject
FNDA:0,alterInObject
FNDA:0,alterInArr
FNDA:0,(anonymous_6)
FNDA:0,removeFromArr
FNDA:0,(anonymous_8)
FNDA:0,getFromArr
FNDA:0,(anonymous_10)
FNDA:0,addToArr
FNDA:0,enhancer
DA:1,0
DA:2,0
DA:3,0
DA:6,0
DA:7,0
DA:9,0
DA:10,0
DA:12,0
DA:13,0
DA:17,0
DA:18,0
DA:19,0
DA:25,0
DA:26,0
DA:27,0
DA:28,0
DA:29,0
DA:31,0
DA:34,0
DA:37,0
DA:38,0
DA:39,0
DA:40,0
DA:41,0
DA:44,0
DA:48,0
DA:49,0
DA:50,0
DA:51,0
DA:54,0
DA:58,0
DA:59,0
DA:60,0
DA:62,0
DA:63,0
DA:64,0
DA:68,0
DA:69,0
DA:70,0
DA:74,0
LF:40
LH:0
BRDA:9,1,0,0
BRDA:9,1,1,0
BRDA:28,2,0,0
BRDA:28,2,1,0
BRDA:37,3,0,0
BRDA:37,3,1,0
BRDA:37,4,0,0
BRDA:37,4,1,0
BRDA:40,5,0,0
BRDA:40,5,1,0
BRDA:50,6,0,0
BRDA:50,6,1,0
BRDA:59,7,0,0
BRDA:59,7,1,0
BRDA:69,8,0,0
BRDA:69,8,1,0
BRDA:71,9,0,0
BRDA:71,9,1,0
BRF:18
BRH:0
end_of_record
TN:
SF:/home/bread/workspace_py/caravel/caravel/assets/javascripts/standalone.js
FN:8,(anonymous_0)
FNF:1
FNH:0
FNDA:0,(anonymous_0)
DA:1,0
DA:3,0
DA:4,0
DA:6,0
DA:8,0
DA:9,0
DA:10,0
DA:11,0
DA:12,0
LF:9
LH:0
BRF:0
BRH:0
end_of_record
TN:
SF:/home/bread/workspace_py/caravel/caravel/assets/javascripts/welcome.js
FN:9,modelViewTable
FN:14,(anonymous_1)
FN:16,(anonymous_2)
FN:17,(anonymous_3)
FN:22,(anonymous_4)
FN:51,(anonymous_5)
FNF:6
FNH:0
FNDA:0,modelViewTable
FNDA:0,(anonymous_1)
FNDA:0,(anonymous_2)
FNDA:0,(anonymous_3)
FNDA:0,(anonymous_4)
FNDA:0,(anonymous_5)
DA:1,0
DA:3,0
DA:4,0
DA:5,0
DA:6,0
DA:7,0
DA:8,0
DA:11,0
DA:12,0
DA:13,0
DA:14,0
DA:15,0
DA:16,0
DA:17,0
DA:18,0
DA:20,0
DA:22,0
DA:23,0
DA:25,0
DA:26,0
DA:27,0
DA:38,0
DA:39,0
DA:40,0
DA:41,0
DA:43,0
DA:44,0
DA:45,0
DA:46,0
DA:47,0
DA:48,0
DA:51,0
DA:52,0
LF:33
LH:0
BRF:0
BRH:0
end_of_record
TN:
SF:/home/bread/workspace_py/caravel/caravel/assets/javascripts/SqlLab/actions.js
FN:28,resetState
FN:32,setDatabases
FN:36,addQueryEditor
FN:40,setNetworkStatus
FN:44,addAlert
FN:48,removeAlert
FN:52,setActiveQueryEditor
FN:56,removeQueryEditor
FN:60,removeQuery
FN:64,queryEditorSetDb
FN:68,queryEditorSetSchema
FN:72,queryEditorSetAutorun
FN:76,queryEditorSetTitle
FN:80,queryEditorSetSql
FN:84,addTable
FN:88,expandTable
FN:92,collapseTable
FN:96,removeTable
FN:100,startQuery
FN:104,stopQuery
FN:108,querySuccess
FN:112,queryFailed
FN:116,addWorkspaceQuery
FN:120,removeWorkspaceQuery
FN:123,refreshQueries
FNF:25
FNH:0
FNDA:0,resetState
FNDA:0,setDatabases
FNDA:0,addQueryEditor
FNDA:0,setNetworkStatus
FNDA:0,addAlert
FNDA:0,removeAlert
FNDA:0,setActiveQueryEditor
FNDA:0,removeQueryEditor
FNDA:0,removeQuery
FNDA:0,queryEditorSetDb
FNDA:0,queryEditorSetSchema
FNDA:0,queryEditorSetAutorun
FNDA:0,queryEditorSetTitle
FNDA:0,queryEditorSetSql
FNDA:0,addTable
FNDA:0,expandTable
FNDA:0,collapseTable
FNDA:0,removeTable
FNDA:0,startQuery
FNDA:0,stopQuery
FNDA:0,querySuccess
FNDA:0,queryFailed
FNDA:0,addWorkspaceQuery
FNDA:0,removeWorkspaceQuery
FNDA:0,refreshQueries
DA:1,1
DA:2,1
DA:3,1
DA:4,1
DA:5,1
DA:6,1
DA:7,1
DA:8,1
DA:9,1
DA:10,1
DA:11,1
DA:12,1
DA:13,1
DA:14,1
DA:15,1
DA:16,1
DA:17,1
DA:18,1
DA:19,1
DA:20,1
DA:21,1
DA:22,1
DA:23,1
DA:24,1
DA:25,1
DA:26,1
DA:29,0
DA:33,0
DA:37,0
DA:41,0
DA:45,0
DA:49,0
DA:53,0
DA:57,0
DA:61,0
DA:65,0
DA:69,0
DA:73,0
DA:77,0
DA:81,0
DA:85,0
DA:89,0
DA:93,0
DA:97,0
DA:101,0
DA:105,0
DA:109,0
DA:113,0
DA:117,0
DA:121,0
DA:124,0
LF:51
LH:26
BRF:0
BRH:0
end_of_record
TN:
SF:/home/bread/workspace_py/caravel/caravel/assets/javascripts/SqlLab/common.js
FNF:0
FNH:0
DA:1,1
DA:8,1
LF:2
LH:2
BRF:0
BRH:0
end_of_record
TN:
SF:/home/bread/workspace_py/caravel/caravel/assets/javascripts/SqlLab/index.jsx
FNF:0
FNH:0
DA:1,0
DA:2,0
DA:3,0
DA:5,0
DA:6,0
DA:7,0
DA:8,0
DA:9,0
DA:10,0
DA:12,0
DA:15,0
DA:17,0
DA:20,0
DA:22,0
LF:14
LH:0
BRF:0
BRH:0
end_of_record
TN:
SF:/home/bread/workspace_py/caravel/caravel/assets/javascripts/SqlLab/reducers.js
FN:29,(anonymous_3)
FN:29,sqlLabReducer
FN:30,(anonymous_5)
FN:30,(anonymous_6)
FN:40,(anonymous_7)
FN:42,(anonymous_8)
FN:49,(anonymous_9)
FN:30,(anonymous_10)
FN:30,(anonymous_11)
FN:30,(anonymous_12)
FN:30,(anonymous_13)
FN:30,(anonymous_14)
FN:30,(anonymous_15)
FN:30,(anonymous_16)
FN:30,(anonymous_17)
FN:30,(anonymous_18)
FN:30,(anonymous_19)
FN:30,(anonymous_20)
FN:107,(anonymous_21)
FN:30,(anonymous_22)
FN:30,(anonymous_23)
FN:30,(anonymous_24)
FN:30,(anonymous_25)
FN:30,(anonymous_26)
FN:30,(anonymous_27)
FN:30,(anonymous_28)
FN:135,(anonymous_29)
FN:30,(anonymous_30)
FN:30,(anonymous_31)
FN:30,(anonymous_32)
FNF:30
FNH:0
FNDA:0,(anonymous_3)
FNDA:0,sqlLabReducer
FNDA:0,(anonymous_5)
FNDA:0,(anonymous_6)
FNDA:0,(anonymous_7)
FNDA:0,(anonymous_8)
FNDA:0,(anonymous_9)
FNDA:0,(anonymous_10)
FNDA:0,(anonymous_11)
FNDA:0,(anonymous_12)
FNDA:0,(anonymous_13)
FNDA:0,(anonymous_14)
FNDA:0,(anonymous_15)
FNDA:0,(anonymous_16)
FNDA:0,(anonymous_17)
FNDA:0,(anonymous_18)
FNDA:0,(anonymous_19)
FNDA:0,(anonymous_20)
FNDA:0,(anonymous_21)
FNDA:0,(anonymous_22)
FNDA:0,(anonymous_23)
FNDA:0,(anonymous_24)
FNDA:0,(anonymous_25)
FNDA:0,(anonymous_26)
FNDA:0,(anonymous_27)
FNDA:0,(anonymous_28)
FNDA:0,(anonymous_29)
FNDA:0,(anonymous_30)
FNDA:0,(anonymous_31)
FNDA:0,(anonymous_32)
DA:1,0
DA:2,0
DA:3,0
DA:4,0
DA:7,0
DA:17,0
DA:29,0
DA:30,0
DA:32,0
DA:33,0
DA:34,0
DA:35,0
DA:38,0
DA:40,0
DA:41,0
DA:42,0
DA:43,0
DA:44,0
DA:45,0
DA:48,0
DA:49,0
DA:50,0
DA:51,0
DA:54,0
DA:55,0
DA:56,0
DA:59,0
DA:62,0
DA:65,0
DA:68,0
DA:71,0
DA:74,0
DA:75,0
DA:76,0
DA:77,0
DA:78,0
DA:79,0
DA:81,0
DA:82,0
DA:83,0
DA:86,0
DA:89,0
DA:90,0
DA:91,0
DA:93,0
DA:100,0
DA:103,0
DA:104,0
DA:107,0
DA:108,0
DA:109,0
DA:110,0
DA:111,0
DA:113,0
DA:116,0
DA:119,0
DA:122,0
DA:125,0
DA:128,0
DA:131,0
DA:134,0
DA:135,0
DA:136,0
DA:138,0
DA:141,0
DA:144,0
DA:145,0
DA:147,0
DA:150,0
DA:152,0
DA:153,0
DA:154,0
DA:155,0
DA:158,0
DA:159,0
DA:162,0
DA:163,0
DA:165,0
DA:166,0
DA:169,0
DA:170,0
DA:172,0
LF:82
LH:0
BRDA:44,1,0,0
BRDA:44,1,1,0
BRDA:76,2,0,0
BRDA:76,2,1,0
BRDA:90,3,0,0
BRDA:90,3,1,0
BRDA:108,4,0,0
BRDA:108,4,1,0
BRDA:144,5,0,0
BRDA:144,5,1,0
BRDA:155,6,0,0
BRDA:155,6,1,0
BRDA:156,7,0,0
BRDA:156,7,1,0
BRDA:162,8,0,0
BRDA:162,8,1,0
BRDA:169,9,0,0
BRDA:169,9,1,0
BRF:18
BRH:0
end_of_record
TN:
SF:/home/bread/workspace_py/caravel/caravel/assets/javascripts/SqlLab/components/Alerts.jsx
FN:12,(anonymous_14)
FN:36,mapDispatchToProps
FNF:2
FNH:0
FNDA:0,(anonymous_14)
FNDA:0,mapDispatchToProps
DA:1,0
DA:2,0
DA:3,0
DA:4,0
DA:5,0
DA:9,0
DA:11,0
DA:12,0
DA:25,0
DA:31,0
DA:37,0
LF:11
LH:0
BRF:0
BRH:0
end_of_record
TN:
SF:/home/bread/workspace_py/caravel/caravel/assets/javascripts/SqlLab/components/App.jsx
FN:13,App
FN:60,mapStateToProps
FN:65,mapDispatchToProps
FNF:3
FNH:0
FNDA:0,App
FNDA:0,mapStateToProps
FNDA:0,mapDispatchToProps
DA:1,0
DA:2,0
DA:4,0
DA:5,0
DA:6,0
DA:7,0
DA:9,0
DA:10,0
DA:13,0
DA:15,0
DA:20,0
DA:23,0
DA:26,0
DA:29,0
DA:30,0
DA:40,0
DA:56,0
DA:61,0
DA:66,0
LF:19
LH:0
BRDA:13,1,0,0
BRDA:13,1,1,0
BRDA:29,2,0,0
BRDA:29,2,1,0
BRF:4
BRH:0
end_of_record
TN:
SF:/home/bread/workspace_py/caravel/caravel/assets/javascripts/SqlLab/components/ButtonWithTooltip.jsx
FN:4,(anonymous_1)
FN:4,ButtonWithTooltip
FN:31,(anonymous_3)
FN:31,onClick
FNF:4
FNH:0
FNDA:0,(anonymous_1)
FNDA:0,ButtonWithTooltip
FNDA:0,(anonymous_3)
FNDA:0,onClick
DA:1,0
DA:2,0
DA:4,0
DA:6,0
DA:10,0
DA:30,0
DA:31,0
DA:37,0
LF:8
LH:0
BRF:0
BRH:0
end_of_record
TN:
SF:/home/bread/workspace_py/caravel/caravel/assets/javascripts/SqlLab/components/DatabaseSelect.jsx
FN:6,DatabaseSelect
FN:25,(anonymous_15)
FN:26,(anonymous_16)
FNF:3
FNH:0
FNDA:0,DatabaseSelect
FNDA:0,(anonymous_15)
FNDA:0,(anonymous_16)
DA:1,1
DA:2,1
DA:3,1
DA:6,0
DA:8,0
DA:15,0
DA:18,0
DA:19,0
DA:20,0
DA:22,0
DA:23,0
DA:24,0
DA:25,0
DA:26,0
DA:27,0
DA:31,0
DA:47,1
LF:17
LH:4
BRDA:6,1,0,0
BRDA:6,1,1,0
BRDA:18,2,0,0
BRDA:18,2,1,0
BRF:4
BRH:0
end_of_record
TN:
SF:/home/bread/workspace_py/caravel/caravel/assets/javascripts/SqlLab/components/Link.jsx
FN:51,(anonymous_11)
FN:51,onClick
FNF:2
FNH:1
FNDA:1,(anonymous_11)
FNDA:0,onClick
DA:1,1
DA:2,1
DA:8,0
DA:13,0
DA:22,0
DA:23,0
DA:34,0
DA:37,1
DA:46,1
DA:51,1
LF:10
LH:5
BRDA:22,1,0,0
BRDA:22,1,1,0
BRF:2
BRH:0
end_of_record
TN:
SF:/home/bread/workspace_py/caravel/caravel/assets/javascripts/SqlLab/components/QueryAutoRefresh.jsx
FN:29,(anonymous_20)
FN:37,(anonymous_21)
FN:56,mapStateToProps
FN:63,mapDispatchToProps
FNF:4
FNH:0
FNDA:0,(anonymous_20)
FNDA:0,(anonymous_21)
FNDA:0,mapStateToProps
FNDA:0,mapDispatchToProps
DA:1,0
DA:2,0
DA:3,0
DA:4,0
DA:6,0
DA:7,0
DA:8,0
DA:12,0
DA:15,0
DA:18,0
DA:19,0
DA:23,0
DA:24,0
DA:26,0
DA:27,0
DA:29,0
DA:30,0
DA:31,0
DA:33,0
DA:34,0
DA:38,0
DA:39,0
DA:44,0
DA:47,0
DA:52,0
DA:57,0
DA:64,0
LF:27
LH:0
BRDA:18,1,0,0
BRDA:18,1,1,0
BRDA:30,2,0,0
BRDA:30,2,1,0
BRDA:33,3,0,0
BRDA:33,3,1,0
BRDA:38,4,0,0
BRDA:38,4,1,0
BRF:8
BRH:0
end_of_record
TN:
SF:/home/bread/workspace_py/caravel/caravel/assets/javascripts/SqlLab/components/QueryHistory.jsx
FN:10,(anonymous_2)
FN:10,QueryHistory
FN:46,mapStateToProps
FN:52,mapDispatchToProps
FNF:4
FNH:0
FNDA:0,(anonymous_2)
FNDA:0,QueryHistory
FNDA:0,mapStateToProps
FNDA:0,mapDispatchToProps
DA:1,0
DA:3,0
DA:4,0
DA:5,0
DA:7,0
DA:8,0
DA:10,0
DA:11,0
DA:12,0
DA:13,0
DA:14,0
DA:15,0
DA:18,0
DA:19,0
DA:29,0
DA:36,0
DA:40,0
DA:47,0
DA:53,0
LF:19
LH:0
BRDA:14,1,0,0
BRDA:14,1,1,0
BRDA:18,2,0,0
BRDA:18,2,1,0
BRF:4
BRH:0
end_of_record
TN:
SF:/home/bread/workspace_py/caravel/caravel/assets/javascripts/SqlLab/components/QueryLink.jsx
FN:56,mapDispatchToProps
FNF:1
FNH:0
FNDA:0,mapDispatchToProps
DA:1,0
DA:2,0
DA:3,0
DA:4,0
DA:5,0
DA:6,0
DA:10,0
DA:17,0
DA:20,0
DA:48,0
DA:53,0
DA:57,0
LF:12
LH:0
BRF:0
BRH:0
end_of_record
TN:
SF:/home/bread/workspace_py/caravel/caravel/assets/javascripts/SqlLab/components/QuerySearch.jsx
FN:11,QuerySearch
FN:48,(anonymous_23)
FN:67,(anonymous_26)
FN:110,(anonymous_31)
FNF:4
FNH:2
FNDA:3,QuerySearch
FNDA:0,(anonymous_23)
FNDA:0,(anonymous_26)
FNDA:9,(anonymous_31)
DA:1,1
DA:2,1
DA:4,1
DA:5,1
DA:6,1
DA:7,1
DA:8,1
DA:11,9
DA:13,3
DA:24,3
DA:25,3
DA:28,0
DA:29,0
DA:32,3
DA:35,0
DA:36,0
DA:39,0
DA:40,0
DA:43,0
DA:45,3
DA:46,3
DA:47,3
DA:48,3
DA:49,0
DA:50,0
DA:51,0
DA:52,0
DA:54,0
DA:58,3
DA:59,3
DA:66,3
DA:67,3
DA:68,0
DA:69,0
DA:70,0
DA:71,0
DA:73,0
DA:78,0
DA:81,3
DA:110,9
LF:40
LH:22
BRDA:11,1,0,3
BRDA:11,1,1,0
BRDA:28,2,0,0
BRDA:28,2,1,0
BRDA:35,3,0,0
BRDA:35,3,1,0
BRDA:39,4,0,0
BRDA:39,4,1,0
BRDA:49,5,0,0
BRDA:49,5,1,0
BRDA:68,6,0,0
BRDA:68,6,1,0
BRF:12
BRH:1
end_of_record
TN:
SF:/home/bread/workspace_py/caravel/caravel/assets/javascripts/SqlLab/components/QueryTable.jsx
FN:18,QueryTable
FN:40,(anonymous_20)
FN:130,mapStateToProps
FN:133,mapDispatchToProps
FNF:4
FNH:0
FNDA:0,QueryTable
FNDA:0,(anonymous_20)
FNDA:0,mapStateToProps
FNDA:0,mapDispatchToProps
DA:1,1
DA:3,1
DA:4,1
DA:5,1
DA:7,1
DA:8,1
DA:9,1
DA:10,1
DA:11,1
DA:12,1
DA:13,1
DA:14,1
DA:18,0
DA:20,0
DA:26,0
DA:29,0
DA:30,0
DA:33,0
DA:37,0
DA:39,0
DA:40,0
DA:41,0
DA:42,0
DA:43,0
DA:45,0
DA:46,0
DA:47,0
DA:50,0
DA:51,0
DA:59,0
DA:60,0
DA:61,0
DA:67,0
DA:75,0
DA:102,0
DA:104,0
DA:120,1
DA:125,1
DA:131,0
DA:134,0
LF:40
LH:14
BRDA:18,1,0,0
BRDA:18,1,1,0
BRDA:42,2,0,0
BRDA:42,2,1,0
BRDA:46,3,0,0
BRDA:46,3,1,0
BRDA:60,4,0,0
BRDA:60,4,1,0
BRF:8
BRH:0
end_of_record
TN:
SF:/home/bread/workspace_py/caravel/caravel/assets/javascripts/SqlLab/components/ResultSet.jsx
FN:9,ResultSet
FN:69,(anonymous_17)
FNF:2
FNH:0
FNDA:0,ResultSet
FNDA:0,(anonymous_17)
DA:1,0
DA:2,0
DA:3,0
DA:5,0
DA:9,0
DA:11,0
DA:17,0
DA:20,0
DA:23,0
DA:26,0
DA:27,0
DA:28,0
DA:29,0
DA:57,0
DA:58,0
DA:69,0
DA:80,0
DA:83,0
DA:89,0
LF:19
LH:0
BRDA:9,1,0,0
BRDA:9,1,1,0
BRDA:28,2,0,0
BRDA:28,2,1,0
BRDA:57,3,0,0
BRDA:57,3,1,0
BRDA:57,4,0,0
BRDA:57,4,1,0
BRDA:57,4,2,0
BRF:9
BRH:0
end_of_record
TN:
SF:/home/bread/workspace_py/caravel/caravel/assets/javascripts/SqlLab/components/SouthPane.jsx
FN:80,mapDispatchToProps
FNF:1
FNH:0
FNDA:0,mapDispatchToProps
DA:1,0
DA:2,0
DA:3,0
DA:4,0
DA:6,0
DA:7,0
DA:8,0
DA:9,0
DA:13,0
DA:20,0
DA:23,0
DA:24,0
DA:25,0
DA:26,0
DA:27,0
DA:30,0
DA:31,0
DA:32,0
DA:33,0
DA:49,0
DA:50,0
DA:53,0
DA:55,0
DA:72,0
DA:77,0
DA:81,0
LF:26
LH:0
BRDA:25,1,0,0
BRDA:25,1,1,0
BRDA:26,2,0,0
BRDA:26,2,1,0
BRDA:30,3,0,0
BRDA:30,3,1,0
BRDA:32,4,0,0
BRDA:32,4,1,0
BRDA:32,5,0,0
BRDA:32,5,1,0
BRDA:49,6,0,0
BRDA:49,6,1,0
BRF:12
BRH:0
end_of_record
TN:
SF:/home/bread/workspace_py/caravel/caravel/assets/javascripts/SqlLab/components/SqlEditor.jsx
FN:34,SqlEditor
FN:87,(anonymous_18)
FN:87,success
FN:87,error
FN:289,mapStateToProps
FN:293,mapDispatchToProps
FNF:6
FNH:0
FNDA:0,SqlEditor
FNDA:0,(anonymous_18)
FNDA:0,success
FNDA:0,error
FNDA:0,mapStateToProps
FNDA:0,mapDispatchToProps
DA:1,0
DA:2,0
DA:3,0
DA:4,0
DA:18,0
DA:19,0
DA:20,0
DA:21,0
DA:23,0
DA:24,0
DA:25,0
DA:27,0
DA:28,0
DA:29,0
DA:31,0
DA:34,0
DA:36,0
DA:43,0
DA:46,0
DA:47,0
DA:48,0
DA:49,0
DA:52,0
DA:53,0
DA:55,0
DA:56,0
DA:57,0
DA:67,0
DA:68,0
DA:72,0
DA:74,0
DA:75,0
DA:87,0
DA:93,0
DA:94,0
DA:98,0
DA:99,0
DA:100,0
DA:102,0
DA:103,0
DA:106,0
DA:107,0
DA:108,0
DA:109,0
DA:111,0
DA:116,0
DA:119,0
DA:122,0
DA:123,0
DA:126,0
DA:137,0
DA:142,0
DA:143,0
DA:144,0
DA:145,0
DA:149,0
DA:150,0
DA:151,0
DA:163,0
DA:164,0
DA:176,0
DA:181,0
DA:182,0
DA:195,0
DA:196,0
DA:197,0
DA:199,0
DA:204,0
DA:210,0
DA:211,0
DA:212,0
DA:236,0
DA:249,0
DA:279,0
DA:286,0
DA:290,0
DA:294,0
LF:77
LH:0
BRDA:34,1,0,0
BRDA:34,1,1,0
BRDA:46,2,0,0
BRDA:46,2,1,0
BRDA:52,3,0,0
BRDA:52,3,1,0
BRDA:52,4,0,0
BRDA:52,4,1,0
BRDA:55,5,0,0
BRDA:55,5,1,0
BRDA:55,6,0,0
BRDA:55,6,1,0
BRDA:55,7,0,0
BRDA:55,7,1,0
BRDA:55,8,0,0
BRDA:55,8,1,0
BRDA:67,9,0,0
BRDA:67,9,1,0
BRDA:93,10,0,0
BRDA:93,10,1,0
BRDA:102,11,0,0
BRDA:102,11,1,0
BRDA:106,12,0,0
BRDA:106,12,1,0
BRDA:106,13,0,0
BRDA:106,13,1,0
BRDA:108,14,0,0
BRDA:108,14,1,0
BRDA:150,15,0,0
BRDA:150,15,1,0
BRDA:150,16,0,0
BRDA:150,16,1,0
BRDA:163,17,0,0
BRDA:163,17,1,0
BRDA:163,18,0,0
BRDA:163,18,1,0
BRDA:181,19,0,0
BRDA:181,19,1,0
BRDA:181,20,0,0
BRDA:181,20,1,0
BRDA:197,21,0,0
BRDA:197,21,1,0
BRDA:197,22,0,0
BRDA:197,22,1,0
BRDA:211,23,0,0
BRDA:211,23,1,0
BRDA:211,24,0,0
BRDA:211,24,1,0
BRF:48
BRH:0
end_of_record
TN:
SF:/home/bread/workspace_py/caravel/caravel/assets/javascripts/SqlLab/components/SqlEditorLeft.jsx
FN:15,SqlEditorTopToolbar
FN:49,(anonymous_19)
FN:50,(anonymous_20)
FN:51,(anonymous_21)
FN:68,(anonymous_26)
FN:70,(anonymous_27)
FN:85,(anonymous_32)
FN:98,(anonymous_33)
FN:111,(anonymous_36)
FN:144,(anonymous_37)
FN:169,mapStateToProps
FN:176,mapDispatchToProps
FNF:12
FNH:0
FNDA:0,SqlEditorTopToolbar
FNDA:0,(anonymous_19)
FNDA:0,(anonymous_20)
FNDA:0,(anonymous_21)
FNDA:0,(anonymous_26)
FNDA:0,(anonymous_27)
FNDA:0,(anonymous_32)
FNDA:0,(anonymous_33)
FNDA:0,(anonymous_36)
FNDA:0,(anonymous_37)
FNDA:0,mapStateToProps
FNDA:0,mapDispatchToProps
DA:1,0
DA:2,0
DA:4,0
DA:5,0
DA:6,0
DA:7,0
DA:8,0
DA:9,0
DA:10,0
DA:11,0
DA:15,0
DA:17,0
DA:25,0
DA:26,0
DA:29,0
DA:30,0
DA:31,0
DA:32,0
DA:33,0
DA:35,0
DA:36,0
DA:40,0
DA:42,0
DA:43,0
DA:44,0
DA:45,0
DA:46,0
DA:47,0
DA:48,0
DA:49,0
DA:50,0
DA:51,0
DA:52,0
DA:53,0
DA:54,0
DA:59,0
DA:60,0
DA:61,0
DA:63,0
DA:64,0
DA:65,0
DA:66,0
DA:67,0
DA:68,0
DA:69,0
DA:70,0
DA:71,0
DA:72,0
DA:77,0
DA:79,0
DA:80,0
DA:81,0
DA:82,0
DA:84,0
DA:85,0
DA:86,0
DA:96,0
DA:99,0
DA:103,0
DA:106,0
DA:107,0
DA:108,0
DA:109,0
DA:111,0
DA:112,0
DA:113,0
DA:144,0
DA:158,0
DA:165,0
DA:170,0
DA:177,0
LF:71
LH:0
BRDA:15,1,0,0
BRDA:15,1,1,0
BRDA:29,2,0,0
BRDA:29,2,1,0
BRDA:32,3,0,0
BRDA:32,3,1,0
BRDA:43,4,0,0
BRDA:43,4,1,0
BRDA:44,5,0,0
BRDA:44,5,1,0
BRDA:45,6,0,0
BRDA:45,6,1,0
BRDA:59,7,0,0
BRDA:59,7,1,0
BRDA:64,8,0,0
BRDA:64,8,1,0
BRDA:65,9,0,0
BRDA:65,9,1,0
BRDA:108,10,0,0
BRDA:108,10,1,0
BRDA:148,11,0,0
BRDA:148,11,1,0
BRF:22
BRH:0
end_of_record
TN:
SF:/home/bread/workspace_py/caravel/caravel/assets/javascripts/SqlLab/components/SqlShrink.jsx
FN:5,(anonymous_1)
FN:5,SqlShrink
FN:12,(anonymous_3)
FNF:3
FNH:1
FNDA:1,(anonymous_1)
FNDA:0,SqlShrink
FNDA:0,(anonymous_3)
DA:1,1
DA:2,1
DA:3,1
DA:5,1
DA:6,0
DA:7,0
DA:8,0
DA:9,0
DA:10,0
DA:12,0
DA:13,0
DA:14,0
DA:16,0
DA:19,0
DA:28,1
DA:33,1
LF:16
LH:6
BRDA:6,1,0,0
BRDA:6,1,1,0
BRDA:8,2,0,0
BRDA:8,2,1,0
BRDA:13,3,0,0
BRDA:13,3,1,0
BRF:6
BRH:0
end_of_record
TN:
SF:/home/bread/workspace_py/caravel/caravel/assets/javascripts/SqlLab/components/TabbedSqlEditors.jsx
FN:50,(anonymous_20)
FN:111,mapStateToProps
FN:119,mapDispatchToProps
FNF:3
FNH:0
FNDA:0,(anonymous_20)
FNDA:0,mapStateToProps
FNDA:0,mapDispatchToProps
DA:1,0
DA:2,0
DA:3,0
DA:4,0
DA:5,0
DA:6,0
DA:7,0
DA:9,0
DA:14,0
DA:15,0
DA:16,0
DA:20,0
DA:21,0
DA:22,0
DA:23,0
DA:24,0
DA:27,0
DA:30,0
DA:31,0
DA:32,0
DA:40,0
DA:43,0
DA:44,0
DA:46,0
DA:49,0
DA:50,0
DA:51,0
DA:52,0
DA:53,0
DA:55,0
DA:70,0
DA:87,0
DA:99,0
DA:106,0
DA:112,0
DA:120,0
LF:36
LH:0
BRDA:15,1,0,0
BRDA:15,1,1,0
BRDA:23,2,0,0
BRDA:23,2,1,0
BRDA:35,3,0,0
BRDA:35,3,1,0
BRDA:36,4,0,0
BRDA:36,4,1,0
BRDA:43,5,0,0
BRDA:43,5,1,0
BRDA:53,6,0,0
BRDA:53,6,1,0
BRF:12
BRH:0
end_of_record
TN:
SF:/home/bread/workspace_py/caravel/caravel/assets/javascripts/SqlLab/components/TableElement.jsx
FN:17,(anonymous_14)
FN:58,(anonymous_23)
FN:58,onClick
FN:66,(anonymous_25)
FN:83,(anonymous_26)
FN:83,onClick
FN:155,mapDispatchToProps
FNF:7
FNH:0
FNDA:0,(anonymous_14)
FNDA:0,(anonymous_23)
FNDA:0,onClick
FNDA:0,(anonymous_25)
FNDA:0,(anonymous_26)
FNDA:0,onClick
FNDA:0,mapDispatchToProps
DA:1,0
DA:2,0
DA:3,0
DA:4,0
DA:5,0
DA:6,0
DA:7,0
DA:8,0
DA:12,0
DA:15,0
DA:16,0
DA:17,0
DA:18,0
DA:19,0
DA:20,0
DA:23,0
DA:24,0
DA:25,0
DA:27,0
DA:31,0
DA:38,0
DA:42,0
DA:43,0
DA:47,0
DA:48,0
DA:51,0
DA:52,0
DA:53,0
DA:54,0
DA:55,0
DA:58,0
DA:64,0
DA:66,0
DA:80,0
DA:83,0
DA:90,0
DA:91,0
DA:92,0
DA:111,0
DA:146,0
DA:151,0
DA:156,0
LF:42
LH:0
BRDA:19,1,0,0
BRDA:19,1,1,0
BRDA:24,2,0,0
BRDA:24,2,1,0
BRDA:54,3,0,0
BRDA:54,3,1,0
BRDA:91,4,0,0
BRDA:91,4,1,0
BRDA:91,5,0,0
BRDA:91,5,1,0
BRF:10
BRH:0
end_of_record
TN:
SF:/home/bread/workspace_py/caravel/caravel/assets/javascripts/SqlLab/components/TableMetadata.jsx
FN:4,(anonymous_1)
FN:4,TableMetadata
FNF:2
FNH:0
FNDA:0,(anonymous_1)
FNDA:0,TableMetadata
DA:1,0
DA:2,0
DA:4,0
DA:5,0
DA:19,0
LF:5
LH:0
BRF:0
BRH:0
end_of_record
TN:
SF:/home/bread/workspace_py/caravel/caravel/assets/javascripts/SqlLab/components/Timer.jsx
FN:7,Timer
FNF:1
FNH:0
FNDA:0,Timer
DA:1,0
DA:2,0
DA:4,0
DA:7,0
DA:9,0
DA:14,0
DA:17,0
DA:20,0
DA:21,0
DA:25,0
DA:26,0
DA:29,0
DA:30,0
DA:31,0
DA:32,0
DA:33,0
DA:34,0
DA:39,0
DA:40,0
DA:42,0
DA:43,0
DA:44,0
DA:45,0
DA:51,0
DA:54,0
DA:57,0
LF:26
LH:0
BRDA:7,1,0,0
BRDA:7,1,1,0
BRDA:20,2,0,0
BRDA:20,2,1,0
BRDA:29,3,0,0
BRDA:29,3,1,0
BRDA:29,4,0,0
BRDA:29,4,1,0
BRDA:30,5,0,0
BRDA:30,5,1,0
BRDA:33,6,0,0
BRDA:33,6,1,0
BRDA:39,7,0,0
BRDA:39,7,1,0
BRDA:39,8,0,0
BRDA:39,8,1,0
BRDA:43,9,0,0
BRDA:43,9,1,0
BRDA:43,10,0,0
BRDA:43,10,1,0
BRF:20
BRH:0
end_of_record
TN:
SF:/home/bread/workspace_py/caravel/caravel/assets/javascripts/SqlLab/components/VisualizeModal.jsx
FN:20,VisualizeModal
FN:43,(anonymous_17)
FN:52,(anonymous_20)
FN:84,(anonymous_25)
FN:123,(anonymous_36)
FN:155,(anonymous_37)
FN:216,(anonymous_38)
FN:216,onHide
FN:219,mapStateToProps
FN:222,mapDispatchToProps
FNF:10
FNH:1
FNDA:0,VisualizeModal
FNDA:0,(anonymous_17)
FNDA:0,(anonymous_20)
FNDA:0,(anonymous_25)
FNDA:0,(anonymous_36)
FNDA:0,(anonymous_37)
FNDA:1,(anonymous_38)
FNDA:0,onHide
FNDA:0,mapStateToProps
FNDA:0,mapDispatchToProps
DA:1,1
DA:2,1
DA:4,1
DA:5,1
DA:6,1
DA:8,1
DA:9,1
DA:10,1
DA:12,1
DA:20,0
DA:22,0
DA:23,0
DA:30,0
DA:33,0
DA:36,0
DA:39,0
DA:40,0
DA:42,0
DA:43,0
DA:44,0
DA:46,0
DA:49,0
DA:50,0
DA:51,0
DA:52,0
DA:53,0
DA:54,0
DA:62,0
DA:63,0
DA:64,0
DA:65,0
DA:66,0
DA:67,0
DA:68,0
DA:69,0
DA:72,0
DA:73,0
DA:76,0
DA:79,0
DA:82,0
DA:83,0
DA:84,0
DA:85,0
DA:86,0
DA:90,0
DA:93,0
DA:100,0
DA:103,0
DA:104,0
DA:107,0
DA:108,0
DA:109,0
DA:110,0
DA:113,0
DA:114,0
DA:115,0
DA:116,0
DA:117,0
DA:119,0
DA:120,0
DA:121,0
DA:123,0
DA:155,0
DA:159,0
DA:206,0
DA:209,1
DA:214,1
DA:216,1
DA:220,0
DA:223,0
LF:70
LH:12
BRDA:20,1,0,0
BRDA:20,1,1,0
BRDA:39,2,0,0
BRDA:39,2,1,0
BRDA:39,3,0,0
BRDA:39,3,1,0
BRDA:53,4,0,0
BRDA:53,4,1,0
BRDA:62,5,0,0
BRDA:62,5,1,0
BRDA:64,6,0,0
BRDA:64,6,1,0
BRDA:68,7,0,0
BRDA:68,7,1,0
BRDA:68,8,0,0
BRDA:68,8,1,0
BRDA:72,9,0,0
BRDA:72,9,1,0
BRDA:83,10,0,0
BRDA:83,10,1,0
BRDA:83,11,0,0
BRDA:83,11,1,0
BRDA:85,12,0,0
BRDA:85,12,1,0
BRDA:114,13,0,0
BRDA:114,13,1,0
BRDA:120,14,0,0
BRDA:120,14,1,0
BRDA:129,15,0,0
BRDA:129,15,1,0
BRDA:138,16,0,0
BRDA:138,16,1,0
BRDA:151,17,0,0
BRDA:151,17,1,0
BRDA:173,18,0,0
BRDA:173,18,1,0
BRF:36
BRH:0
end_of_record
TN:
SF:/home/bread/workspace_py/caravel/caravel/assets/javascripts/components/CopyToClipboard.jsx
FN:13,(anonymous_7)
FN:13,onCopyEnd
FN:18,CopyToClipboard
FNF:3
FNH:1
FNDA:1,(anonymous_7)
FNDA:0,onCopyEnd
FNDA:0,CopyToClipboard
DA:1,1
DA:2,1
DA:4,1
DA:11,1
DA:13,1
DA:18,0
DA:20,0
DA:25,0
DA:26,0
DA:27,0
DA:32,0
DA:36,0
DA:40,0
DA:41,0
DA:43,0
DA:44,0
DA:45,0
DA:47,0
DA:48,0
DA:50,0
DA:51,0
DA:52,0
DA:55,0
DA:58,0
DA:60,0
DA:61,0
DA:65,0
DA:66,0
DA:67,0
DA:69,0
DA:71,0
DA:76,0
DA:81,0
DA:101,1
DA:102,1
LF:35
LH:7
BRDA:18,1,0,0
BRDA:18,1,1,0
BRDA:51,2,0,0
BRDA:51,2,1,0
BRDA:66,3,0,0
BRDA:66,3,1,0
BRDA:83,4,0,0
BRDA:83,4,1,0
BRF:8
BRH:0
end_of_record
TN:
SF:/home/bread/workspace_py/caravel/caravel/assets/javascripts/components/ModalTrigger.jsx
FN:14,(anonymous_7)
FN:14,beforeOpen
FN:19,ModalTrigger
FNF:3
FNH:1
FNDA:1,(anonymous_7)
FNDA:0,beforeOpen
FNDA:0,ModalTrigger
DA:1,1
DA:2,1
DA:3,1
DA:5,1
DA:13,1
DA:14,1
DA:19,0
DA:21,0
DA:24,0
DA:25,0
DA:29,0
DA:33,0
DA:34,0
DA:35,0
DA:39,0
DA:42,0
DA:58,1
DA:59,1
LF:18
LH:8
BRDA:19,1,0,0
BRDA:19,1,1,0
BRF:2
BRH:0
end_of_record
TN:
SF:/home/bread/workspace_py/caravel/caravel/assets/javascripts/dashboard/Dashboard.jsx
FN:22,injectCss
FN:43,dashboardContainer
FN:44,(anonymous_3)
FN:44,init
FN:52,(anonymous_5)
FN:56,(anonymous_6)
FN:58,(anonymous_7)
FN:44,loadPreSelectFilters
FN:44,setFilter
FN:44,effectiveExtraFilters
FN:44,addFilter
FN:44,readFilters
FN:44,updateFilterParamsInUrl
FN:44,bindResizeToWindowResize
FN:140,(anonymous_22)
FN:142,(anonymous_23)
FN:143,(anonymous_24)
FN:44,stopPeriodicRender
FN:44,startPeriodicRender
FN:159,(anonymous_29)
FN:159,refreshAll
FN:160,(anonymous_31)
FN:162,(anonymous_32)
FN:171,(anonymous_33)
FN:171,fetchAndRender
FN:174,(anonymous_35)
FN:44,refreshExcept
FN:183,(anonymous_38)
FN:44,clearFilters
FN:44,removeFilter
FN:196,(anonymous_43)
FN:198,(anonymous_44)
FN:44,getSlice
FN:44,showAddSlice
FN:226,(anonymous_49)
FN:44,getAjaxErrorMsg
FN:44,addSlicesToDashboard
FN:241,(anonymous_54)
FN:241,success
FN:241,error
FN:44,saveDashboard
FN:262,(anonymous_60)
FN:275,(anonymous_61)
FN:275,success
FN:275,error
FN:44,initDashboardView
FN:298,(anonymous_67)
FN:313,(anonymous_68)
FN:316,(anonymous_69)
FN:339,(anonymous_70)
FN:346,(anonymous_71)
FN:353,(anonymous_72)
FN:357,(anonymous_73)
FN:358,(anonymous_74)
FN:363,(anonymous_75)
FN:368,(anonymous_76)
FN:376,(anonymous_77)
FN:390,(anonymous_78)
FNF:58
FNH:0
FNDA:0,injectCss
FNDA:0,dashboardContainer
FNDA:0,(anonymous_3)
FNDA:0,init
FNDA:0,(anonymous_5)
FNDA:0,(anonymous_6)
FNDA:0,(anonymous_7)
FNDA:0,loadPreSelectFilters
FNDA:0,setFilter
FNDA:0,effectiveExtraFilters
FNDA:0,addFilter
FNDA:0,readFilters
FNDA:0,updateFilterParamsInUrl
FNDA:0,bindResizeToWindowResize
FNDA:0,(anonymous_22)
FNDA:0,(anonymous_23)
FNDA:0,(anonymous_24)
FNDA:0,stopPeriodicRender
FNDA:0,startPeriodicRender
FNDA:0,(anonymous_29)
FNDA:0,refreshAll
FNDA:0,(anonymous_31)
FNDA:0,(anonymous_32)
FNDA:0,(anonymous_33)
FNDA:0,fetchAndRender
FNDA:0,(anonymous_35)
FNDA:0,refreshExcept
FNDA:0,(anonymous_38)
FNDA:0,clearFilters
FNDA:0,removeFilter
FNDA:0,(anonymous_43)
FNDA:0,(anonymous_44)
FNDA:0,getSlice
FNDA:0,showAddSlice
FNDA:0,(anonymous_49)
FNDA:0,getAjaxErrorMsg
FNDA:0,addSlicesToDashboard
FNDA:0,(anonymous_54)
FNDA:0,success
FNDA:0,error
FNDA:0,saveDashboard
FNDA:0,(anonymous_60)
FNDA:0,(anonymous_61)
FNDA:0,success
FNDA:0,error
FNDA:0,initDashboardView
FNDA:0,(anonymous_67)
FNDA:0,(anonymous_68)
FNDA:0,(anonymous_69)
FNDA:0,(anonymous_70)
FNDA:0,(anonymous_71)
FNDA:0,(anonymous_72)
FNDA:0,(anonymous_73)
FNDA:0,(anonymous_74)
FNDA:0,(anonymous_75)
FNDA:0,(anonymous_76)
FNDA:0,(anonymous_77)
FNDA:0,(anonymous_78)
DA:1,0
DA:2,0
DA:3,0
DA:4,0
DA:5,0
DA:6,0
DA:8,0
DA:9,0
DA:10,0
DA:11,0
DA:13,0
DA:14,0
DA:15,0
DA:16,0
DA:17,0
DA:18,0
DA:23,0
DA:24,0
DA:26,0
DA:27,0
DA:28,0
DA:30,0
DA:31,0
DA:32,0
DA:33,0
DA:36,0
DA:37,0
DA:39,0
DA:44,0
DA:47,0
DA:48,0
DA:49,0
DA:50,0
DA:51,0
DA:52,0
DA:53,0
DA:54,0
DA:55,0
DA:56,0
DA:57,0
DA:58,0
DA:59,0
DA:61,0
DA:64,0
DA:65,0
DA:66,0
DA:67,0
DA:68,0
DA:71,0
DA:72,0
DA:73,0
DA:74,0
DA:75,0
DA:83,0
DA:88,0
DA:89,0
DA:90,0
DA:92,0
DA:96,0
DA:97,0
DA:101,0
DA:103,0
DA:104,0
DA:105,0
DA:106,0
DA:110,0
DA:112,0
DA:113,0
DA:114,0
DA:116,0
DA:117,0
DA:119,0
DA:121,0
DA:122,0
DA:124,0
DA:128,0
DA:131,0
DA:132,0
DA:133,0
DA:134,0
DA:135,0
DA:138,0
DA:139,0
DA:140,0
DA:141,0
DA:142,0
DA:143,0
DA:144,0
DA:150,0
DA:151,0
DA:152,0
DA:156,0
DA:157,0
DA:158,0
DA:159,0
DA:160,0
DA:161,0
DA:162,0
DA:163,0
DA:168,0
DA:171,0
DA:172,0
DA:173,0
DA:174,0
DA:175,0
DA:179,0
DA:182,0
DA:183,0
DA:184,0
DA:185,0
DA:190,0
DA:191,0
DA:192,0
DA:194,0
DA:195,0
DA:196,0
DA:197,0
DA:198,0
DA:199,0
DA:200,0
DA:203,0
DA:206,0
DA:207,0
DA:210,0
DA:211,0
DA:212,0
DA:213,0
DA:215,0
DA:216,0
DA:217,0
DA:219,0
DA:221,0
DA:224,0
DA:225,0
DA:226,0
DA:227,0
DA:229,0
DA:235,0
DA:236,0
DA:240,0
DA:241,0
DA:249,0
DA:252,0
DA:253,0
DA:261,0
DA:262,0
DA:263,0
DA:264,0
DA:265,0
DA:266,0
DA:269,0
DA:270,0
DA:275,0
DA:282,0
DA:288,0
DA:289,0
DA:297,0
DA:298,0
DA:299,0
DA:302,0
DA:307,0
DA:309,0
DA:312,0
DA:314,0
DA:317,0
DA:320,0
DA:321,0
DA:322,0
DA:324,0
DA:325,0
DA:326,0
DA:328,0
DA:329,0
DA:334,0
DA:336,0
DA:339,0
DA:340,0
DA:341,0
DA:343,0
DA:344,0
DA:346,0
DA:347,0
DA:353,0
DA:354,0
DA:355,0
DA:357,0
DA:358,0
DA:359,0
DA:363,0
DA:364,0
DA:365,0
DA:367,0
DA:368,0
DA:369,0
DA:371,0
DA:372,0
DA:376,0
DA:377,0
DA:378,0
DA:379,0
DA:382,0
DA:383,0
DA:386,0
DA:387,0
DA:390,0
DA:391,0
DA:392,0
LF:207
LH:0
BRDA:23,1,0,0
BRDA:23,1,1,0
BRDA:26,2,0,0
BRDA:26,2,1,0
BRDA:27,3,0,0
BRDA:27,3,1,0
BRDA:36,4,0,0
BRDA:36,4,1,0
BRDA:53,5,0,0
BRDA:53,5,1,0
BRDA:72,6,0,0
BRDA:72,6,1,0
BRDA:89,7,0,0
BRDA:89,7,1,0
BRDA:90,8,0,0
BRDA:90,8,1,0
BRDA:90,9,0,0
BRDA:90,9,1,0
BRDA:97,10,0,0
BRDA:97,10,1,0
BRDA:98,11,0,0
BRDA:98,11,1,0
BRDA:98,11,2,0
BRDA:105,12,0,0
BRDA:105,12,1,0
BRDA:112,13,0,0
BRDA:112,13,1,0
BRDA:112,14,0,0
BRDA:112,14,1,0
BRDA:112,15,0,0
BRDA:112,15,1,0
BRDA:112,16,0,0
BRDA:112,16,1,0
BRDA:113,17,0,0
BRDA:113,17,1,0
BRDA:116,18,0,0
BRDA:116,18,1,0
BRDA:116,19,0,0
BRDA:116,19,1,0
BRDA:121,20,0,0
BRDA:121,20,1,0
BRDA:132,21,0,0
BRDA:132,21,1,0
BRDA:150,22,0,0
BRDA:150,22,1,0
BRDA:173,23,0,0
BRDA:173,23,1,0
BRDA:182,24,0,0
BRDA:182,24,1,0
BRDA:184,25,0,0
BRDA:184,25,1,0
BRDA:184,26,0,0
BRDA:184,26,1,0
BRDA:195,27,0,0
BRDA:195,27,1,0
BRDA:196,28,0,0
BRDA:196,28,1,0
BRDA:199,29,0,0
BRDA:199,29,1,0
BRDA:215,30,0,0
BRDA:215,30,1,0
BRDA:236,31,0,0
BRDA:236,31,1,0
BRDA:236,32,0,0
BRDA:236,32,1,0
BRDA:265,33,0,0
BRDA:265,33,1,0
BRDA:367,34,0,0
BRDA:367,34,1,0
BRDA:371,35,0,0
BRDA:371,35,1,0
BRF:71
BRH:0
end_of_record
TN:
SF:/home/bread/workspace_py/caravel/caravel/assets/javascripts/dashboard/components/GridLayout.jsx
FN:20,(anonymous_11)
FN:50,(anonymous_14)
FN:61,(anonymous_19)
FN:64,(anonymous_20)
FN:71,(anonymous_23)
FN:98,(anonymous_26)
FN:108,(anonymous_27)
FN:108,removeSlice
FNF:8
FNH:0
FNDA:0,(anonymous_11)
FNDA:0,(anonymous_14)
FNDA:0,(anonymous_19)
FNDA:0,(anonymous_20)
FNDA:0,(anonymous_23)
FNDA:0,(anonymous_26)
FNDA:0,(anonymous_27)
FNDA:0,removeSlice
DA:1,0
DA:2,0
DA:3,0
DA:4,0
DA:5,0
DA:7,0
DA:8,0
DA:10,0
DA:17,0
DA:18,0
DA:20,0
DA:21,0
DA:22,0
DA:23,0
DA:31,0
DA:41,0
DA:48,0
DA:49,0
DA:50,0
DA:55,0
DA:59,0
DA:60,0
DA:62,0
DA:65,0
DA:71,0
DA:72,0
DA:82,0
DA:83,0
DA:99,0
DA:108,0
DA:120,0
LF:31
LH:0
BRDA:22,1,0,0
BRDA:22,1,1,0
BRDA:49,2,0,0
BRDA:49,2,1,0
BRDA:49,3,0,0
BRDA:49,3,1,0
BRF:6
BRH:0
end_of_record
TN:
SF:/home/bread/workspace_py/caravel/caravel/assets/javascripts/dashboard/components/Modal.jsx
FN:10,Modal
FNF:1
FNH:0
FNDA:0,Modal
DA:1,0
DA:3,0
DA:10,0
DA:11,0
DA:40,0
LF:5
LH:0
BRF:0
BRH:0
end_of_record
TN:
SF:/home/bread/workspace_py/caravel/caravel/assets/javascripts/dashboard/components/SliceAdder.jsx
FN:14,SliceAdder
FN:42,(anonymous_12)
FN:45,(anonymous_13)
FN:60,(anonymous_14)
FN:74,(anonymous_19)
FN:77,(anonymous_20)
FN:79,(anonymous_21)
FN:101,(anonymous_26)
FN:134,(anonymous_31)
FN:177,(anonymous_32)
FN:177,dataFormat
FNF:11
FNH:0
FNDA:0,SliceAdder
FNDA:0,(anonymous_12)
FNDA:0,(anonymous_13)
FNDA:0,(anonymous_14)
FNDA:0,(anonymous_19)
FNDA:0,(anonymous_20)
FNDA:0,(anonymous_21)
FNDA:0,(anonymous_26)
FNDA:0,(anonymous_31)
FNDA:0,(anonymous_32)
FNDA:0,dataFormat
DA:1,0
DA:2,0
DA:3,0
DA:4,0
DA:5,0
DA:6,0
DA:8,0
DA:14,0
DA:16,0
DA:20,0
DA:21,0
DA:22,0
DA:23,0
DA:24,0
DA:30,0
DA:38,0
DA:39,0
DA:43,0
DA:45,0
DA:46,0
DA:55,0
DA:61,0
DA:62,0
DA:70,0
DA:74,0
DA:75,0
DA:77,0
DA:78,0
DA:79,0
DA:80,0
DA:82,0
DA:85,0
DA:89,0
DA:99,0
DA:101,0
DA:102,0
DA:107,0
DA:113,0
DA:114,0
DA:115,0
DA:116,0
DA:117,0
DA:119,0
DA:122,0
DA:123,0
DA:124,0
DA:125,0
DA:127,0
DA:131,0
DA:132,0
DA:133,0
DA:134,0
DA:135,0
DA:139,0
DA:177,0
DA:186,0
DA:197,0
DA:208,0
LF:58
LH:0
BRDA:14,1,0,0
BRDA:14,1,1,0
BRDA:113,2,0,0
BRDA:113,2,1,0
BRDA:114,3,0,0
BRDA:114,3,1,0
BRDA:116,4,0,0
BRDA:116,4,1,0
BRDA:122,5,0,0
BRDA:122,5,1,0
BRDA:124,6,0,0
BRDA:124,6,1,0
BRDA:131,7,0,0
BRDA:131,7,1,0
BRDA:132,8,0,0
BRDA:132,8,1,0
BRDA:133,9,0,0
BRDA:133,9,1,0
BRDA:142,10,0,0
BRDA:142,10,1,0
BRDA:143,11,0,0
BRDA:143,11,1,0
BRDA:145,12,0,0
BRDA:145,12,1,0
BRDA:148,13,0,0
BRDA:148,13,1,0
BRF:26
BRH:0
end_of_record
TN:
SF:/home/bread/workspace_py/caravel/caravel/assets/javascripts/dashboard/components/SliceCell.js
FN:9,SliceCell
FN:51,(anonymous_2)
FN:51,onClick
FNF:3
FNH:0
FNDA:0,SliceCell
FNDA:0,(anonymous_2)
FNDA:0,onClick
DA:1,0
DA:3,0
DA:9,0
DA:10,0
DA:51,0
DA:84,0
LF:6
LH:0
BRDA:25,1,0,0
BRDA:25,1,1,0
BRDA:63,2,0,0
BRDA:63,2,1,0
BRDA:62,3,0,0
BRDA:62,3,1,0
BRF:6
BRH:0
end_of_record
TN:
SF:/home/bread/workspace_py/caravel/caravel/assets/javascripts/explore/explore.jsx
FN:28,(anonymous_1)
FN:28,getPanelClass
FN:32,prepForm
FN:34,(anonymous_4)
FN:34,fixId
FN:35,(anonymous_6)
FN:39,(anonymous_7)
FN:42,(anonymous_8)
FN:45,(anonymous_9)
FN:51,(anonymous_10)
FN:53,(anonymous_11)
FN:60,query
FN:79,saveSlice
FN:111,initExploreView
FN:112,getCollapsedFieldsets
FN:123,toggleFieldset
FN:163,(anonymous_17)
FN:167,(anonymous_18)
FN:175,formatViz
FN:202,addFilter
FN:212,(anonymous_21)
FN:220,setFilters
FN:221,(anonymous_23)
FN:232,(anonymous_24)
FN:240,(anonymous_25)
FN:243,(anonymous_26)
FN:247,createChoices
FN:248,(anonymous_28)
FN:260,initSelectionToValue
FN:267,(anonymous_30)
FN:295,prepSaveDialog
FN:296,(anonymous_32)
FN:296,setButtonsState
FN:305,(anonymous_34)
FN:313,(anonymous_35)
FN:320,(anonymous_36)
FN:324,(anonymous_37)
FN:329,(anonymous_38)
FN:331,(anonymous_39)
FN:339,initComponents
FN:344,(anonymous_41)
FN:344,onQuery
FN:359,(anonymous_43)
FNF:43
FNH:0
FNDA:0,(anonymous_1)
FNDA:0,getPanelClass
FNDA:0,prepForm
FNDA:0,(anonymous_4)
FNDA:0,fixId
FNDA:0,(anonymous_6)
FNDA:0,(anonymous_7)
FNDA:0,(anonymous_8)
FNDA:0,(anonymous_9)
FNDA:0,(anonymous_10)
FNDA:0,(anonymous_11)
FNDA:0,query
FNDA:0,saveSlice
FNDA:0,initExploreView
FNDA:0,getCollapsedFieldsets
FNDA:0,toggleFieldset
FNDA:0,(anonymous_17)
FNDA:0,(anonymous_18)
FNDA:0,formatViz
FNDA:0,addFilter
FNDA:0,(anonymous_21)
FNDA:0,setFilters
FNDA:0,(anonymous_23)
FNDA:0,(anonymous_24)
FNDA:0,(anonymous_25)
FNDA:0,(anonymous_26)
FNDA:0,createChoices
FNDA:0,(anonymous_28)
FNDA:0,initSelectionToValue
FNDA:0,(anonymous_30)
FNDA:0,prepSaveDialog
FNDA:0,(anonymous_32)
FNDA:0,setButtonsState
FNDA:0,(anonymous_34)
FNDA:0,(anonymous_35)
FNDA:0,(anonymous_36)
FNDA:0,(anonymous_37)
FNDA:0,(anonymous_38)
FNDA:0,(anonymous_39)
FNDA:0,initComponents
FNDA:0,(anonymous_41)
FNDA:0,onQuery
FNDA:0,(anonymous_43)
DA:6,0
DA:7,0
DA:8,0
DA:9,0
DA:11,0
DA:12,0
DA:13,0
DA:14,0
DA:16,0
DA:18,0
DA:20,0
DA:23,0
DA:24,0
DA:26,0
DA:28,0
DA:29,0
DA:34,0
DA:35,0
DA:36,0
DA:39,0
DA:40,0
DA:41,0
DA:43,0
DA:46,0
DA:51,0
DA:52,0
DA:53,0
DA:54,0
DA:55,0
DA:61,0
DA:62,0
DA:63,0
DA:65,0
DA:66,0
DA:67,0
DA:69,0
DA:70,0
DA:72,0
DA:74,0
DA:76,0
DA:80,0
DA:81,0
DA:82,0
DA:83,0
DA:84,0
DA:88,0
DA:90,0
DA:92,0
DA:93,0
DA:94,0
DA:98,0
DA:99,0
DA:100,0
DA:104,0
DA:106,0
DA:107,0
DA:108,0
DA:113,0
DA:115,0
DA:116,0
DA:118,0
DA:120,0
DA:124,0
DA:125,0
DA:126,0
DA:127,0
DA:129,0
DA:130,0
DA:131,0
DA:133,0
DA:135,0
DA:136,0
DA:139,0
DA:140,0
DA:141,0
DA:144,0
DA:145,0
DA:147,0
DA:150,0
DA:151,0
DA:152,0
DA:153,0
DA:154,0
DA:158,0
DA:161,0
DA:163,0
DA:164,0
DA:167,0
DA:168,0
DA:171,0
DA:172,0
DA:173,0
DA:176,0
DA:177,0
DA:178,0
DA:184,0
DA:187,0
DA:190,0
DA:195,0
DA:198,0
DA:199,0
DA:200,0
DA:203,0
DA:204,0
DA:205,0
DA:206,0
DA:207,0
DA:208,0
DA:209,0
DA:211,0
DA:212,0
DA:213,0
DA:221,0
DA:222,0
DA:223,0
DA:224,0
DA:225,0
DA:230,0
DA:232,0
DA:234,0
DA:237,0
DA:240,0
DA:241,0
DA:243,0
DA:244,0
DA:248,0
DA:249,0
DA:251,0
DA:252,0
DA:257,0
DA:261,0
DA:267,0
DA:268,0
DA:269,0
DA:270,0
DA:271,0
DA:272,0
DA:273,0
DA:277,0
DA:278,0
DA:281,0
DA:285,0
DA:292,0
DA:296,0
DA:297,0
DA:298,0
DA:299,0
DA:301,0
DA:304,0
DA:305,0
DA:306,0
DA:307,0
DA:308,0
DA:310,0
DA:314,0
DA:315,0
DA:319,0
DA:320,0
DA:321,0
DA:322,0
DA:324,0
DA:325,0
DA:326,0
DA:329,0
DA:331,0
DA:332,0
DA:333,0
DA:336,0
DA:340,0
DA:341,0
DA:344,0
DA:349,0
DA:350,0
DA:359,0
DA:360,0
DA:362,0
DA:364,0
DA:366,0
DA:370,0
DA:372,0
DA:374,0
LF:181
LH:0
BRDA:29,1,0,0
BRDA:29,1,1,0
BRDA:62,2,0,0
BRDA:62,2,1,0
BRDA:66,3,0,0
BRDA:66,3,1,0
BRDA:72,4,0,0
BRDA:72,4,1,0
BRDA:81,5,0,0
BRDA:81,5,1,0
BRDA:83,6,0,0
BRDA:83,6,1,0
BRDA:93,7,0,0
BRDA:93,7,1,0
BRDA:93,8,0,0
BRDA:93,8,1,0
BRDA:99,9,0,0
BRDA:99,9,1,0
BRDA:99,10,0,0
BRDA:99,10,1,0
BRDA:115,11,0,0
BRDA:115,11,1,0
BRDA:115,12,0,0
BRDA:115,12,1,0
BRDA:129,13,0,0
BRDA:129,13,1,0
BRDA:130,14,0,0
BRDA:130,14,1,0
BRDA:140,15,0,0
BRDA:140,15,1,0
BRDA:144,16,0,0
BRDA:144,16,1,0
BRDA:153,17,0,0
BRDA:153,17,1,0
BRDA:153,18,0,0
BRDA:153,18,1,0
BRDA:153,18,2,0
BRDA:206,19,0,0
BRDA:206,19,1,0
BRDA:224,20,0,0
BRDA:224,20,1,0
BRDA:234,21,0,0
BRDA:234,21,1,0
BRDA:251,22,0,0
BRDA:251,22,1,0
BRDA:277,23,0,0
BRDA:277,23,1,0
BRDA:298,24,0,0
BRDA:298,24,1,0
BRDA:298,25,0,0
BRDA:298,25,1,0
BRF:51
BRH:0
end_of_record
TN:
SF:/home/bread/workspace_py/caravel/caravel/assets/javascripts/explore/components/DisplayQueryButton.jsx
FN:9,DisplayQueryButton
FNF:1
FNH:0
FNDA:0,DisplayQueryButton
DA:1,1
DA:2,1
DA:4,1
DA:9,0
DA:11,0
DA:14,0
DA:18,0
DA:24,0
DA:25,0
DA:37,1
LF:10
LH:4
BRDA:9,1,0,0
BRDA:9,1,1,0
BRF:2
BRH:0
end_of_record
TN:
SF:/home/bread/workspace_py/caravel/caravel/assets/javascripts/explore/components/EmbedCodeButton.jsx
FN:10,EmbedCodeButton
FNF:1
FNH:1
FNDA:2,EmbedCodeButton
DA:1,1
DA:2,1
DA:3,1
DA:5,1
DA:10,6
DA:12,2
DA:17,2
DA:21,0
DA:22,0
DA:23,0
DA:24,0
DA:25,0
DA:28,12
DA:29,4
DA:31,4
DA:33,4
DA:37,3
DA:38,3
DA:90,3
DA:105,1
LF:20
LH:15
BRDA:10,1,0,2
BRDA:10,1,1,0
BRF:2
BRH:1
end_of_record
TN:
SF:/home/bread/workspace_py/caravel/caravel/assets/javascripts/explore/components/ExploreActionButtons.jsx
FN:12,ExploreActionButtons
FNF:1
FNH:1
FNDA:1,ExploreActionButtons
DA:1,1
DA:2,1
DA:3,1
DA:4,1
DA:5,1
DA:7,1
DA:12,2
DA:13,1
DA:17,1
DA:46,1
LF:10
LH:10
BRF:0
BRH:0
end_of_record
TN:
SF:/home/bread/workspace_py/caravel/caravel/assets/javascripts/explore/components/QueryAndSaveBtns.jsx
FN:9,QueryAndSaveBtns
FNF:1
FNH:1
FNDA:2,QueryAndSaveBtns
DA:1,1
DA:2,1
DA:4,1
DA:9,4
DA:10,2
DA:14,2
DA:31,1
LF:7
LH:7
BRF:0
BRH:0
end_of_record
TN:
SF:/home/bread/workspace_py/caravel/caravel/assets/javascripts/explore/components/URLShortLinkButton.jsx
FN:11,URLShortLinkButton
FN:27,(anonymous_11)
FN:27,success
FN:32,(anonymous_13)
FN:32,error
FNF:5
FNH:0
FNDA:0,URLShortLinkButton
FNDA:0,(anonymous_11)
FNDA:0,success
FNDA:0,(anonymous_13)
FNDA:0,error
DA:1,1
DA:2,1
DA:3,1
DA:4,1
DA:6,1
DA:11,0
DA:13,0
DA:17,0
DA:20,0
DA:21,0
DA:27,0
DA:28,0
DA:32,0
DA:34,0
DA:35,0
DA:36,0
DA:43,0
DA:54,0
DA:55,0
DA:56,0
DA:71,1
LF:21
LH:6
BRDA:11,1,0,0
BRDA:11,1,1,0
BRDA:34,2,0,0
BRDA:34,2,1,0
BRDA:34,3,0,0
BRDA:34,3,1,0
BRF:6
BRH:0
end_of_record
TN:
SF:/home/bread/workspace_py/caravel/caravel/assets/javascripts/modules/caravel.js
FN:9,(anonymous_1)
FN:11,getParam
FN:17,initFavStars
FN:20,show
FN:31,(anonymous_5)
FN:35,(anonymous_6)
FN:41,(anonymous_7)
FN:55,(anonymous_8)
FN:55,Slice
FN:63,(anonymous_10)
FN:63,stopwatch
FN:69,(anonymous_12)
FN:69,always
FN:74,(anonymous_14)
FN:74,querystring
FN:74,getWidgetHeader
FN:74,render_template
FN:74,jsonEndpoint
FN:74,d3format
FN:74,done
FN:74,getErrorMsg
FN:74,error
FN:74,width
FN:74,height
FN:74,bindResizeToWindowResize
FN:213,(anonymous_36)
FN:215,(anonymous_37)
FN:74,render
FN:74,resize
FN:74,addFilter
FN:74,setFilter
FN:74,getFilters
FN:74,clearFilter
FN:74,removeFilter
FNF:34
FNH:0
FNDA:0,(anonymous_1)
FNDA:0,getParam
FNDA:0,initFavStars
FNDA:0,show
FNDA:0,(anonymous_5)
FNDA:0,(anonymous_6)
FNDA:0,(anonymous_7)
FNDA:0,(anonymous_8)
FNDA:0,Slice
FNDA:0,(anonymous_10)
FNDA:0,stopwatch
FNDA:0,(anonymous_12)
FNDA:0,always
FNDA:0,(anonymous_14)
FNDA:0,querystring
FNDA:0,getWidgetHeader
FNDA:0,render_template
FNDA:0,jsonEndpoint
FNDA:0,d3format
FNDA:0,done
FNDA:0,getErrorMsg
FNDA:0,error
FNDA:0,width
FNDA:0,height
FNDA:0,bindResizeToWindowResize
FNDA:0,(anonymous_36)
FNDA:0,(anonymous_37)
FNDA:0,render
FNDA:0,resize
FNDA:0,addFilter
FNDA:0,setFilter
FNDA:0,getFilters
FNDA:0,clearFilter
FNDA:0,removeFilter
DA:1,0
DA:2,0
DA:3,0
DA:6,0
DA:9,0
DA:10,0
DA:12,0
DA:13,0
DA:14,0
DA:15,0
DA:18,0
DA:21,0
DA:22,0
DA:24,0
DA:27,0
DA:32,0
DA:33,0
DA:34,0
DA:35,0
DA:36,0
DA:37,0
DA:42,0
DA:43,0
DA:44,0
DA:45,0
DA:46,0
DA:48,0
DA:50,0
DA:51,0
DA:55,0
DA:56,0
DA:57,0
DA:58,0
DA:59,0
DA:60,0
DA:61,0
DA:62,0
DA:63,0
DA:64,0
DA:65,0
DA:66,0
DA:68,0
DA:69,0
DA:71,0
DA:72,0
DA:74,0
DA:80,0
DA:81,0
DA:82,0
DA:83,0
DA:84,0
DA:85,0
DA:86,0
DA:87,0
DA:89,0
DA:90,0
DA:91,0
DA:93,0
DA:95,0
DA:98,0
DA:101,0
DA:105,0
DA:108,0
DA:109,0
DA:110,0
DA:111,0
DA:112,0
DA:113,0
DA:114,0
DA:119,0
DA:120,0
DA:124,0
DA:125,0
DA:126,0
DA:127,0
DA:128,0
DA:129,0
DA:130,0
DA:131,0
DA:138,0
DA:141,0
DA:142,0
DA:143,0
DA:150,0
DA:157,0
DA:158,0
DA:161,0
DA:162,0
DA:163,0
DA:164,0
DA:167,0
DA:168,0
DA:170,0
DA:171,0
DA:172,0
DA:173,0
DA:174,0
DA:176,0
DA:179,0
DA:182,0
DA:183,0
DA:184,0
DA:185,0
DA:186,0
DA:187,0
DA:190,0
DA:191,0
DA:192,0
DA:193,0
DA:194,0
DA:195,0
DA:198,0
DA:201,0
DA:202,0
DA:203,0
DA:204,0
DA:205,0
DA:207,0
DA:208,0
DA:211,0
DA:212,0
DA:213,0
DA:214,0
DA:215,0
DA:216,0
DA:221,0
DA:222,0
DA:224,0
DA:226,0
DA:227,0
DA:228,0
DA:229,0
DA:230,0
DA:231,0
DA:232,0
DA:235,0
DA:236,0
DA:237,0
DA:238,0
DA:241,0
DA:242,0
DA:246,0
DA:247,0
DA:251,0
DA:252,0
DA:254,0
DA:257,0
DA:258,0
DA:262,0
DA:263,0
DA:267,0
DA:268,0
DA:271,0
DA:277,0
LF:154
LH:0
BRDA:15,1,0,0
BRDA:15,1,1,0
BRDA:21,2,0,0
BRDA:21,2,1,0
BRDA:36,3,0,0
BRDA:36,3,1,0
BRDA:45,4,0,0
BRDA:45,4,1,0
BRDA:80,5,0,0
BRDA:80,5,1,0
BRDA:83,6,0,0
BRDA:83,6,1,0
BRDA:85,7,0,0
BRDA:85,7,1,0
BRDA:90,8,0,0
BRDA:90,8,1,0
BRDA:108,9,0,0
BRDA:108,9,1,0
BRDA:128,10,0,0
BRDA:128,10,1,0
BRDA:130,11,0,0
BRDA:130,11,1,0
BRDA:130,12,0,0
BRDA:130,12,1,0
BRDA:142,13,0,0
BRDA:142,13,1,0
BRDA:142,14,0,0
BRDA:142,14,1,0
BRDA:157,15,0,0
BRDA:157,15,1,0
BRDA:167,16,0,0
BRDA:167,16,1,0
BRDA:171,17,0,0
BRDA:171,17,1,0
BRDA:174,18,0,0
BRDA:174,18,1,0
BRDA:183,19,0,0
BRDA:183,19,1,0
BRDA:184,20,0,0
BRDA:184,20,1,0
BRDA:186,21,0,0
BRDA:186,21,1,0
BRDA:204,22,0,0
BRDA:204,22,1,0
BRDA:221,23,0,0
BRDA:221,23,1,0
BRDA:241,24,0,0
BRDA:241,24,1,0
BRDA:246,25,0,0
BRDA:246,25,1,0
BRDA:251,26,0,0
BRDA:251,26,1,0
BRDA:257,27,0,0
BRDA:257,27,1,0
BRDA:262,28,0,0
BRDA:262,28,1,0
BRF:56
BRH:0
end_of_record
TN:
SF:/home/bread/workspace_py/caravel/caravel/assets/javascripts/modules/colors.js
FN:51,(anonymous_1)
FN:54,(anonymous_2)
FN:69,(anonymous_3)
FN:69,colorScalerFactory
FN:81,(anonymous_5)
FNF:5
FNH:0
FNDA:0,(anonymous_1)
FNDA:0,(anonymous_2)
FNDA:0,(anonymous_3)
FNDA:0,colorScalerFactory
FNDA:0,(anonymous_5)
DA:1,0
DA:2,0
DA:5,0
DA:29,0
DA:51,0
DA:53,0
DA:54,0
DA:55,0
DA:56,0
DA:58,0
DA:60,0
DA:61,0
DA:62,0
DA:65,0
DA:69,0
DA:71,0
DA:73,0
DA:75,0
DA:76,0
DA:77,0
DA:79,0
DA:80,0
DA:81,0
DA:82,0
DA:84,0
LF:25
LH:0
BRDA:55,1,0,0
BRDA:55,1,1,0
BRDA:61,2,0,0
BRDA:61,2,1,0
BRDA:71,3,0,0
BRDA:71,3,1,0
BRDA:76,4,0,0
BRDA:76,4,1,0
BRF:8
BRH:0
end_of_record
TN:
SF:/home/bread/workspace_py/caravel/caravel/assets/javascripts/modules/dates.js
FN:5,UTC
FN:18,(anonymous_2)
FN:25,(anonymous_3)
FN:32,(anonymous_4)
FN:39,(anonymous_5)
FN:46,(anonymous_6)
FN:53,(anonymous_7)
FN:60,(anonymous_8)
FN:65,(anonymous_9)
FN:65,formatDate
FN:70,(anonymous_11)
FN:70,timeFormatFactory
FN:72,(anonymous_13)
FN:77,(anonymous_14)
FN:77,fDuration
FN:83,(anonymous_16)
FN:83,now
FNF:17
FNH:4
FNDA:0,UTC
FNDA:0,(anonymous_2)
FNDA:0,(anonymous_3)
FNDA:0,(anonymous_4)
FNDA:0,(anonymous_5)
FNDA:0,(anonymous_6)
FNDA:0,(anonymous_7)
FNDA:0,(anonymous_8)
FNDA:1,(anonymous_9)
FNDA:0,formatDate
FNDA:1,(anonymous_11)
FNDA:0,timeFormatFactory
FNDA:0,(anonymous_13)
FNDA:1,(anonymous_14)
FNDA:0,fDuration
FNDA:1,(anonymous_16)
FNDA:0,now
DA:1,1
DA:3,1
DA:6,0
DA:15,1
DA:19,0
DA:26,0
DA:33,0
DA:40,0
DA:47,0
DA:54,0
DA:61,0
DA:65,1
DA:66,0
DA:68,0
DA:70,1
DA:71,0
DA:72,0
DA:73,0
DA:74,0
DA:77,1
DA:78,0
DA:79,0
DA:80,0
DA:83,1
DA:85,0
LF:25
LH:7
BRDA:54,1,0,0
BRDA:54,1,1,0
BRDA:77,2,0,0
BRDA:77,2,1,0
BRDA:77,3,0,0
BRDA:77,3,1,0
BRF:6
BRH:0
end_of_record
TN:
SF:/home/bread/workspace_py/caravel/caravel/assets/javascripts/modules/utils.js
FN:10,wrapSvgText
FN:13,(anonymous_1)
FN:62,showModal
FN:71,(anonymous_3)
FN:71,showApiMessage
FN:81,(anonymous_5)
FN:81,toggleCheckbox
FN:83,(anonymous_7)
FN:93,(anonymous_8)
FN:93,fixDataTableBodyHeight
FN:98,d3format
FNF:11
FNH:0
FNDA:0,wrapSvgText
FNDA:0,(anonymous_1)
FNDA:0,showModal
FNDA:0,(anonymous_3)
FNDA:0,showApiMessage
FNDA:0,(anonymous_5)
FNDA:0,toggleCheckbox
FNDA:0,(anonymous_7)
FNDA:0,(anonymous_8)
FNDA:0,fixDataTableBodyHeight
FNDA:0,d3format
DA:1,0
DA:2,0
DA:11,0
DA:13,0
DA:14,0
DA:15,0
DA:16,0
DA:17,0
DA:18,0
DA:19,0
DA:20,0
DA:21,0
DA:23,0
DA:27,0
DA:28,0
DA:29,0
DA:30,0
DA:31,0
DA:32,0
DA:33,0
DA:35,0
DA:36,0
DA:37,0
DA:41,0
DA:44,0
DA:45,0
DA:64,0
DA:65,0
DA:66,0
DA:67,0
DA:68,0
DA:69,0
DA:71,0
DA:73,0
DA:76,0
DA:77,0
DA:81,0
DA:82,0
DA:83,0
DA:84,0
DA:85,0
DA:86,0
DA:93,0
DA:94,0
DA:95,0
DA:97,0
DA:100,0
DA:101,0
DA:102,0
DA:104,0
DA:106,0
LF:51
LH:0
BRDA:32,1,0,0
BRDA:32,1,1,0
BRDA:44,2,0,0
BRDA:44,2,1,0
BRDA:44,3,0,0
BRDA:44,3,1,0
BRDA:64,4,0,0
BRDA:64,4,1,0
BRDA:65,5,0,0
BRDA:65,5,1,0
BRDA:66,6,0,0
BRDA:66,6,1,0
BRDA:67,7,0,0
BRDA:67,7,1,0
BRDA:68,8,0,0
BRDA:68,8,1,0
BRDA:76,9,0,0
BRDA:76,9,1,0
BRDA:85,10,0,0
BRDA:85,10,1,0
BRDA:85,11,0,0
BRDA:85,11,1,0
BRDA:100,12,0,0
BRDA:100,12,1,0
BRDA:101,13,0,0
BRDA:101,13,1,0
BRF:26
BRH:0
end_of_record
